make all --print-data-base --no-builtin-variables --no-builtin-rules --question
make: *** No rule to make target 'srcs/config.o', needed by 'pipex'.  Stop.
 
# GNU Make 4.2.1
# Built for x86_64-pc-linux-gnu
# Copyright (C) 1988-2016 Free Software Foundation, Inc.
# License GPLv3+: GNU GPL version 3 or later <http://gnu.org/licenses/gpl.html>
# This is free software: you are free to change and redistribute it.
# There is NO WARRANTY, to the extent permitted by law.

# Make data base, printed on Fri Jan  7 17:17:32 2022

# Variables

# automatic
<D = $(patsubst %/,%,$(dir $<))
# automatic
?F = $(notdir $?)
# default
.SHELLFLAGS := -c
# environment
VSCODE_AGENT_FOLDER = /home/coder/.vscode-server
# environment
VSCODE_LOG_NATIVE = false
# automatic
?D = $(patsubst %/,%,$(dir $?))
# automatic
@D = $(patsubst %/,%,$(dir $@))
# automatic
@F = $(notdir $@)
# makefile
CURDIR := /home/coder/Documents/pipex
# makefile
SHELL = /bin/sh
# makefile (from 'Makefile', line 15)
RM = rm -f
# environment
VSCODE_NLS_CONFIG = {"locale":"en","availableLanguages":{}}
# environment
_ = /home/coder/.vscode-server/bin/899d46d82c4c95423fb7e10e68eba52050e30ba3/node
# makefile (from 'Makefile', line 11)
CFLAGS = -Wall -Werror -Wextra
# makefile (from 'Makefile', line 1)
MAKEFILE_LIST :=  Makefile
# 'override' directive
GNUMAKEFLAGS := 
# environment
VSCODE_VERBOSE_LOGGING = true
# makefile (from 'Makefile', line 7)
OBJS = $(SRCS:.c=.o)
# environment
VSCODE_CWD = /home/coder
# environment
SSH_CONNECTION = 192.168.127.0 42817 192.168.90.139 2222
# environment
PATH = /home/coder/.vscode-server/bin/899d46d82c4c95423fb7e10e68eba52050e30ba3/bin:/home/coder/.vscode-server/bin/899d46d82c4c95423fb7e10e68eba52050e30ba3/bin:/usr/local/sbin:/usr/local/bin:/usr/sbin:/usr/bin:/sbin:/bin:/usr/games:/usr/local/games:/snap/bin
# environment
VSCODE_LOG_STACK = false
# environment
VSCODE_IPC_HOOK_CLI = /tmp/vscode-ipc-1b2126c8-688f-41e2-9f3f-7bd4a4be41a5.sock
# default
.FEATURES := target-specific order-only second-expansion else-if shortest-stem undefine oneshell archives jobserver output-sync check-symlink load
# automatic
%F = $(notdir $%)
# environment
VSCODE_PIPE_LOGGING = true
# environment
PWD = /home/coder/Documents/pipex
# default
.LOADED := 
# automatic
*D = $(patsubst %/,%,$(dir $*))
# environment
VSCODE_AMD_ENTRYPOINT = vs/server/remoteExtensionHostProcess
# environment
HOME = /home/coder
# environment
LOGNAME = coder
# environment
APPLICATION_INSIGHTS_NO_DIAGNOSTIC_CHANNEL = true
# automatic
+F = $(notdir $+)
# environment
VSCODE_HANDLES_UNCAUGHT_ERRORS = true
# automatic
^D = $(patsubst %/,%,$(dir $^))
# environment
MAKELEVEL := 0
# default
MAKE = $(MAKE_COMMAND)
# default
MAKECMDGOALS := all
# makefile (from 'Makefile', line 2)
SRCS = ./srcs/main.c ./srcs/start_pipex.c ./srcs/config.c ./srcs/error.c ./srcs/token.c ./srcs/utils/ft_calloc.c ./srcs/utils/ft_split.c ./srcs/utils/ft_bzero.c ./srcs/utils/ft_strlen.c ./srcs/utils/ft_substr.c ./srcs/utils/ft_strjoin.c ./srcs/utils/ft_strncmp.c ./srcs/utils/get_next_line.c ./srcs/utils/handler_final_file.c
# environment
SHLVL = 0
# makefile (from 'Makefile', line 13)
CC = gcc
# default
MAKE_VERSION := 4.2.1
# environment
USER = coder
# makefile
.DEFAULT_GOAL := all
# makefile (from 'Makefile', line 9)
NAME = pipex
# automatic
%D = $(patsubst %/,%,$(dir $%))
# default
MAKE_COMMAND := make
# default
.VARIABLES := 
# automatic
*F = $(notdir $*)
# makefile
MAKEFLAGS = pqrR
# environment
MFLAGS = -pqrR
# environment
SSH_CLIENT = 192.168.127.0 42817 2222
# automatic
+D = $(patsubst %/,%,$(dir $+))
# environment
BROWSER = /home/coder/.vscode-server/bin/899d46d82c4c95423fb7e10e68eba52050e30ba3/bin/helpers/browser.sh
# default
MAKEFILES := 
# automatic
<F = $(notdir $<)
# environment
LC_ALL = C
# automatic
^F = $(notdir $^)
# default
SUFFIXES := 
# default
.INCLUDE_DIRS = /usr/include /usr/local/include /usr/include
# environment
VSCODE_INJECT_NODE_MODULE_LOOKUP_PATH = /home/coder/.vscode-server/bin/899d46d82c4c95423fb7e10e68eba52050e30ba3/remote/node_modules
# default
.RECIPEPREFIX := 
# default
MAKE_HOST := x86_64-pc-linux-gnu
# environment
LANG = C
# environment
VSCODE_EXTHOST_WILL_SEND_SOCKET = true
# environment
MOTD_SHOWN = pam
# variable set hash-table stats:
# Load=67/1024=7%, Rehash=0, Collisions=9/96=9%

# Pattern-specific Variable Values

# No pattern-specific variable values.

# Directories

# . (device 57, inode 225509432): 11 files, no impossibilities.

# 11 files, no impossibilities in 1 directories.

# Implicit Rules

# No implicit rules.

# Files

# Not a target:
srcs/utils/get_next_line.o:
#  Implicit rule search has not been done.
#  Modification time never checked.
#  File has not been updated.

all: pipex
#  Phony target (prerequisite of .PHONY).
#  Command line target.
#  Implicit rule search has not been done.
#  File does not exist.
#  File has not been updated.

.PHONY: fclean re clean all run
#  Implicit rule search has not been done.
#  Modification time never checked.
#  File has not been updated.

# Not a target:
srcs/utils/handler_final_file.o:
#  Implicit rule search has not been done.
#  Modification time never checked.
#  File has not been updated.

# Not a target:
Makefile:
#  Implicit rule search has been done.
#  Last modified 2022-01-07 17:17:26.96047198
#  File has been updated.
#  Successfully updated.

# Not a target:
srcs/token.o:
#  Implicit rule search has not been done.
#  Modification time never checked.
#  File has not been updated.

# Not a target:
srcs/utils/ft_strlen.o:
#  Implicit rule search has not been done.
#  Modification time never checked.
#  File has not been updated.

# Not a target:
srcs/utils/ft_strjoin.o:
#  Implicit rule search has not been done.
#  Modification time never checked.
#  File has not been updated.

# Not a target:
srcs/utils/ft_split.o:
#  Implicit rule search has not been done.
#  Modification time never checked.
#  File has not been updated.

# Not a target:
srcs/utils/ft_bzero.o:
#  Implicit rule search has not been done.
#  Modification time never checked.
#  File has not been updated.

fclean: clean
#  Phony target (prerequisite of .PHONY).
#  Implicit rule search has not been done.
#  File does not exist.
#  File has not been updated.
#  recipe to execute (from 'Makefile', line 26):
	$(RM) $(NAME)

# Not a target:
srcs/config.o:
#  Implicit rule search has been done.
#  File does not exist.
#  File has not been updated.

# Not a target:
.DEFAULT:
#  Implicit rule search has not been done.
#  Modification time never checked.
#  File has not been updated.

re: fclean all
#  Phony target (prerequisite of .PHONY).
#  Implicit rule search has not been done.
#  File does not exist.
#  File has not been updated.

run: all
#  Phony target (prerequisite of .PHONY).
#  Implicit rule search has not been done.
#  File does not exist.
#  File has not been updated.
#  recipe to execute (from 'Makefile', line 31):
	valgrind ./$(NAME) here_doc ok 'cat' 'cat' fileout

clean:
#  Phony target (prerequisite of .PHONY).
#  Implicit rule search has not been done.
#  File does not exist.
#  File has not been updated.
#  recipe to execute (from 'Makefile', line 23):
	$(RM) $(OBJS)

# Not a target:
srcs/utils/ft_calloc.o:
#  Implicit rule search has not been done.
#  Modification time never checked.
#  File has not been updated.

# Not a target:
srcs/utils/ft_substr.o:
#  Implicit rule search has not been done.
#  Modification time never checked.
#  File has not been updated.

# Not a target:
srcs/start_pipex.o:
#  Implicit rule search has been done.
 
#  Last modified 2022-01-07 17:17:28.664537575
#  File has been updated.
#  Successfully updated.

# Not a target:
srcs/utils/ft_strncmp.o:
#  Implicit rule search has not been done.
#  Modification time never checked.
#  File has not been updated.

# Not a target:
srcs/main.o:
#  Implicit rule search has been done.
#  Last modified 2022-01-07 17:17:28.636536497
#  File has been updated.
#  Successfully updated.

# Not a target:
srcs/error.o:
#  Implicit rule search has not been done.
#  Modification time never checked.
#  File has not been updated.

pipex: srcs/main.o srcs/start_pipex.o srcs/config.o srcs/error.o srcs/token.o srcs/utils/ft_calloc.o srcs/utils/ft_split.o srcs/utils/ft_bzero.o srcs/utils/ft_strlen.o srcs/utils/ft_substr.o srcs/utils/ft_strjoin.o srcs/utils/ft_strncmp.o srcs/utils/get_next_line.o srcs/utils/handler_final_file.o
#  Implicit rule search has not been done.
#  File does not exist.
#  File has not been updated.
#  recipe to execute (from 'Makefile', line 20):
	$(CC) $(CFLAGS) -o $@ $^

# files hash-table stats:
# Load=24/1024=2%, Rehash=0, Collisions=3/60=5%
# VPATH Search Paths

# No 'vpath' search paths.

# No general ('VPATH' variable) search path.

# strcache buffers: 1 (0) / strings = 36 / storage = 444 B / avg = 12 B
# current buf: size = 8162 B / used = 444 B / count = 36 / avg = 12 B

# strcache performance: lookups = 58 / hit rate = 37%
# hash-table stats:
# Load=36/8192=0%, Rehash=0, Collisions=1/58=2%
# Finished Make data base on Fri Jan  7 17:17:32 2022

 
